Building DAG of jobs...
Using shell: /bin/bash
Provided cores: 1 (use --cores to define parallelism)
Rules claiming more threads will be scaled down.
Job stats:
job                       count    min threads    max threads
----------------------  -------  -------------  -------------
all                           1              1              1
blast                         1              1              1
read_database_creation        1              1              1
total                         3              1              1

Select jobs to execute...

[Sun Jan 30 23:48:20 2022]
Job 2: [INFO] Creating database of all input reads...

[Sun Jan 30 23:48:22 2022]
Finished job 2.
1 of 3 steps (33%) done
Select jobs to execute...

[Sun Jan 30 23:48:22 2022]
rule blast:
    input: /home/mike/projects/jav_ploidy/data/queries/pre_jan/geneP.fasta, hiCversion2.linear/database/hiCversion2.linear.nin
    output: hiCversion2.linear/hits.blast.out
    jobid: 1
    resources: tmpdir=/tmp

[Sun Jan 30 23:48:22 2022]
Finished job 1.
2 of 3 steps (67%) done
Select jobs to execute...

[Sun Jan 30 23:48:22 2022]
localrule all:
    input: hiCversion2.linear/hits.blast.out
    jobid: 0
    resources: tmpdir=/tmp

[Sun Jan 30 23:48:22 2022]
Finished job 0.
3 of 3 steps (100%) done
Complete log: /home/mike/Desktop/scripts/snakes/querying_assemblies/.snakemake/log/2022-01-30T234820.423032.snakemake.log
