Building DAG of jobs...
Using shell: /bin/bash
Provided cores: 1 (use --cores to define parallelism)
Rules claiming more threads will be scaled down.
Job stats:
job                  count    min threads    max threads
-----------------  -------  -------------  -------------
all                      1              1              1
blast                    1              1              1
database_creation        1              1              1
only_pairs               1              1              1
total                    4              1              1

Select jobs to execute...

[Tue Jan 18 12:56:32 2022]
Job 2: [INFO] Creating database of all input reads...

[Tue Jan 18 12:56:35 2022]
Finished job 2.
1 of 4 steps (25%) done
Select jobs to execute...

[Tue Jan 18 12:56:35 2022]
rule blast:
    input: /media/mike/WD_4TB/karyon_longread/data/assemblies/hiCversion1.linear.fasta, hiCversion1.linear/database/hiCversion1.linear.nin
    output: hiCversion1.linear/hits.blast.out
    jobid: 1
    resources: tmpdir=/tmp

[Tue Jan 18 14:43:20 2022]
Finished job 1.
2 of 4 steps (50%) done
Select jobs to execute...

[Tue Jan 18 14:43:20 2022]
rule only_pairs:
    input: hiCversion1.linear/hits.blast.out
    output: hiCversion1.linear/onlyPairs.tsv
    jobid: 3
    resources: tmpdir=/tmp

[Tue Jan 18 14:43:21 2022]
Finished job 3.
3 of 4 steps (75%) done
Select jobs to execute...

[Tue Jan 18 14:43:21 2022]
localrule all:
    input: hiCversion1.linear/hits.blast.out, hiCversion1.linear/onlyPairs.tsv
    jobid: 0
    resources: tmpdir=/tmp

[Tue Jan 18 14:43:21 2022]
Finished job 0.
4 of 4 steps (100%) done
Complete log: /home/mike/Desktop/scripts/snakes/plot_pairs/.snakemake/log/2022-01-18T125631.983109.snakemake.log
