PGA_scaffold_1__3_contigs__length_5730042	PGA_scaffold_1__3_contigs__length_5730042	100.000	3007810	0	0	322097	3329906	322097	3329906	0.0	5.554e+06
PGA_scaffold_1__3_contigs__length_5730042	PGA_scaffold_10__2_contigs__length_5739182	99.298	112008	621	136	5383961	5495885	4672301	4784226	0.0	2.023e+05
PGA_scaffold_2__4_contigs__length_7228418	PGA_scaffold_2__4_contigs__length_7228418	100.000	2237256	0	0	3247004	5484259	3247004	5484259	0.0	4.131e+06
PGA_scaffold_2__4_contigs__length_7228418	PGA_scaffold_12__2_contigs__length_6281301	95.010	93541	1839	176	4462085	4552805	4495521	4589052	0.0	1.443e+05
PGA_scaffold_3__3_contigs__length_6143287	PGA_scaffold_3__3_contigs__length_6143287	100.000	4237963	0	0	1	4237963	1	4237963	0.0	7.826e+06
PGA_scaffold_3__3_contigs__length_6143287	PGA_scaffold_16__2_contigs__length_3282068	99.978	22320	4	1	2921710	2944029	1939754	1917436	0.0	41188
PGA_scaffold_4__4_contigs__length_12169591	PGA_scaffold_4__4_contigs__length_12169591	100.000	4748862	0	0	970530	5719391	970530	5719391	0.0	8.769e+06
PGA_scaffold_4__4_contigs__length_12169591	PGA_scaffold_13__3_contigs__length_9595054	99.884	23293	16	4	4716423	4739711	3821187	3797902	0.0	42854
PGA_scaffold_5__2_contigs__length_1239319	PGA_scaffold_5__2_contigs__length_1239319	100.000	1108305	0	0	131015	1239319	131015	1239319	0.0	2.047e+06
PGA_scaffold_5__2_contigs__length_1239319	PGA_scaffold_1__3_contigs__length_5730042	92.836	36249	1890	305	1061273	1096874	5505120	5541308	0.0	51899
PGA_scaffold_6__3_contigs__length_10369329	PGA_scaffold_6__3_contigs__length_10369329	100.000	5957753	0	0	4411577	10369329	4411577	10369329	0.0	1.100e+07
PGA_scaffold_6__3_contigs__length_10369329	PGA_scaffold_1__3_contigs__length_5730042	94.369	72900	3409	123	10137063	10209874	3301456	3229165	0.0	1.112e+05
PGA_scaffold_7__2_contigs__length_3386470	PGA_scaffold_7__2_contigs__length_3386470	100.000	2685918	0	0	700553	3386470	700553	3386470	0.0	4.960e+06
PGA_scaffold_7__2_contigs__length_3386470	PGA_scaffold_8__4_contigs__length_6842589	91.846	43351	3483	18	423817	467123	2073212	2029870	0.0	60423
PGA_scaffold_8__4_contigs__length_6842589	PGA_scaffold_8__4_contigs__length_6842589	100.000	2625000	0	0	4217590	6842589	4217590	6842589	0.0	4.847e+06
PGA_scaffold_8__4_contigs__length_6842589	PGA_scaffold_12__2_contigs__length_6281301	94.695	83353	4357	45	3324334	3407638	4649928	4566593	0.0	1.294e+05
PGA_scaffold_9__2_contigs__length_8254935	PGA_scaffold_9__2_contigs__length_8254935	100.000	6998894	0	0	1256042	8254935	1256042	8254935	0.0	1.292e+07
PGA_scaffold_9__2_contigs__length_8254935	PGA_scaffold_8__4_contigs__length_6842589	99.747	55749	108	21	352745	408477	2325266	2269535	0.0	1.021e+05
PGA_scaffold_10__2_contigs__length_5739182	PGA_scaffold_10__2_contigs__length_5739182	100.000	3625000	0	0	1	3625000	1	3625000	0.0	6.694e+06
PGA_scaffold_10__2_contigs__length_5739182	PGA_scaffold_1__3_contigs__length_5730042	99.298	112008	621	136	4672301	4784226	5383961	5495885	0.0	2.023e+05
PGA_scaffold_11__2_contigs__length_2002407	PGA_scaffold_11__2_contigs__length_2002407	100.000	1126936	0	0	875472	2002407	875472	2002407	0.0	2.081e+06
PGA_scaffold_11__2_contigs__length_2002407	PGA_scaffold_16__2_contigs__length_3282068	99.986	22065	3	0	1037552	1059616	791569	769505	0.0	40730
PGA_scaffold_12__2_contigs__length_6281301	PGA_scaffold_12__2_contigs__length_6281301	100.000	5975000	0	0	306302	6281301	306302	6281301	0.0	1.103e+07
PGA_scaffold_12__2_contigs__length_6281301	PGA_scaffold_2__4_contigs__length_7228418	95.010	93541	1839	176	4495521	4589052	4462085	4552805	0.0	1.443e+05
PGA_scaffold_13__3_contigs__length_9595054	PGA_scaffold_13__3_contigs__length_9595054	100.000	7765256	0	0	1829799	9595054	1829799	9595054	0.0	1.434e+07
PGA_scaffold_13__3_contigs__length_9595054	PGA_scaffold_12__2_contigs__length_6281301	98.443	44517	676	17	5463245	5507756	4601299	4556795	0.0	78352
PGA_scaffold_14__3_contigs__length_7520906	PGA_scaffold_14__3_contigs__length_7520906	100.000	4013409	0	0	644669	4658077	644669	4658077	0.0	7.411e+06
PGA_scaffold_14__3_contigs__length_7520906	PGA_scaffold_31__1_contigs__length_125000	99.994	32209	2	0	644669	676877	120852	88644	0.0	59468
PGA_scaffold_15__3_contigs__length_8277944	PGA_scaffold_15__3_contigs__length_8277944	100.000	6875000	0	0	1402945	8277944	1402945	8277944	0.0	1.270e+07
PGA_scaffold_15__3_contigs__length_8277944	PGA_scaffold_43__1_contigs__length_2011659	99.957	23301	2	2	866532	889832	1988367	2011659	0.0	42967
PGA_scaffold_16__2_contigs__length_3282068	PGA_scaffold_16__2_contigs__length_3282068	100.000	2322813	0	0	959256	3282068	959256	3282068	0.0	4.289e+06
PGA_scaffold_16__2_contigs__length_3282068	PGA_scaffold_45__1_contigs__length_3649086	99.172	57502	425	27	658681	716169	200506	143043	0.0	1.035e+05
PGA_scaffold_17__1_contigs__length_43969	PGA_scaffold_17__1_contigs__length_43969	100.000	43969	0	0	1	43969	1	43969	0.0	81196
PGA_scaffold_17__1_contigs__length_43969	PGA_scaffold_13__3_contigs__length_9595054	98.402	5381	64	9	38598	43969	4493594	4498961	0.0	9441
PGA_scaffold_18__1_contigs__length_26071	PGA_scaffold_18__1_contigs__length_26071	100.000	26071	0	0	1	26071	1	26071	0.0	48145
PGA_scaffold_18__1_contigs__length_26071	PGA_scaffold_52__1_contigs__length_125000	90.536	2969	223	43	17939	20878	109542	112481	0.0	3873
PGA_scaffold_19__1_contigs__length_125000	PGA_scaffold_19__1_contigs__length_125000	100.000	125000	0	0	1	125000	1	125000	0.0	2.308e+05
PGA_scaffold_19__1_contigs__length_125000	PGA_scaffold_40__1_contigs__length_4206748	92.262	37152	751	404	59088	94747	477511	514030	0.0	50719
PGA_scaffold_20__1_contigs__length_125000	PGA_scaffold_20__1_contigs__length_125000	100.000	125000	0	0	1	125000	1	125000	0.0	2.308e+05
PGA_scaffold_20__1_contigs__length_125000	PGA_scaffold_6__3_contigs__length_10369329	99.585	12765	35	12	106248	118999	504796	517555	0.0	23263
PGA_scaffold_21__1_contigs__length_5673700	PGA_scaffold_21__1_contigs__length_5673700	100.000	5673700	0	0	1	5673700	1	5673700	0.0	1.048e+07
PGA_scaffold_21__1_contigs__length_5673700	PGA_scaffold_2__4_contigs__length_7228418	100.000	55732	0	0	290210	345941	4405407	4349676	0.0	1.029e+05
PGA_scaffold_22__1_contigs__length_47480	PGA_scaffold_22__1_contigs__length_47480	100.000	47480	0	0	1	47480	1	47480	0.0	87680
PGA_scaffold_22__1_contigs__length_47480	PGA_scaffold_15__3_contigs__length_8277944	99.323	8275	42	14	39212	47475	1370505	1362234	0.0	14958
PGA_scaffold_23__1_contigs__length_3682237	PGA_scaffold_23__1_contigs__length_3682237	100.000	3682237	0	0	1	3682237	1	3682237	0.0	6.800e+06
PGA_scaffold_23__1_contigs__length_3682237	PGA_scaffold_34__1_contigs__length_1997981	94.810	17572	705	97	3322887	3340347	762273	744798	0.0	27205
PGA_scaffold_24__1_contigs__length_22238	PGA_scaffold_24__1_contigs__length_22238	100.000	22238	0	0	1	22238	1	22238	0.0	41066
PGA_scaffold_24__1_contigs__length_22238	PGA_scaffold_8__4_contigs__length_6842589	93.750	112	4	2	19816	19925	102487	102377	4.55e-38	165
PGA_scaffold_25__1_contigs__length_50000	PGA_scaffold_25__1_contigs__length_50000	100.000	50000	0	0	1	50000	1	50000	0.0	92333
PGA_scaffold_25__1_contigs__length_50000	PGA_scaffold_7__2_contigs__length_3386470	95.790	30662	1279	5	19341	50000	462756	432105	0.0	49459
PGA_scaffold_26__1_contigs__length_125000	PGA_scaffold_26__1_contigs__length_125000	100.000	125000	0	0	1	125000	1	125000	0.0	2.308e+05
PGA_scaffold_26__1_contigs__length_125000	PGA_scaffold_3__3_contigs__length_6143287	100.000	18966	0	0	59570	78535	5006965	5025930	0.0	35024
PGA_scaffold_27__1_contigs__length_125000	PGA_scaffold_27__1_contigs__length_125000	100.000	125000	0	0	1	125000	1	125000	0.0	2.308e+05
PGA_scaffold_27__1_contigs__length_125000	PGA_scaffold_2__4_contigs__length_7228418	99.760	14152	11	11	46702	60840	3766586	3780727	0.0	25924
PGA_scaffold_28__1_contigs__length_125000	PGA_scaffold_28__1_contigs__length_125000	100.000	125000	0	0	1	125000	1	125000	0.0	2.308e+05
PGA_scaffold_28__1_contigs__length_125000	PGA_scaffold_9__2_contigs__length_8254935	95.597	18010	547	129	30954	48802	8211534	8229458	0.0	28638
PGA_scaffold_29__1_contigs__length_125000	PGA_scaffold_29__1_contigs__length_125000	100.000	125000	0	0	1	125000	1	125000	0.0	2.308e+05
PGA_scaffold_29__1_contigs__length_125000	PGA_scaffold_15__3_contigs__length_8277944	99.386	10263	43	15	51326	61574	8159805	8170061	0.0	18585
PGA_scaffold_30__1_contigs__length_125000	PGA_scaffold_30__1_contigs__length_125000	100.000	125000	0	0	1	125000	1	125000	0.0	2.308e+05
PGA_scaffold_30__1_contigs__length_125000	PGA_scaffold_4__4_contigs__length_12169591	93.195	2939	96	48	99355	102231	9154974	9152078	0.0	4224
PGA_scaffold_31__1_contigs__length_125000	PGA_scaffold_31__1_contigs__length_125000	100.000	125000	0	0	1	125000	1	125000	0.0	2.308e+05
PGA_scaffold_31__1_contigs__length_125000	PGA_scaffold_14__3_contigs__length_7520906	99.994	32209	2	0	88644	120852	676877	644669	0.0	59468
PGA_scaffold_32__1_contigs__length_125000	PGA_scaffold_32__1_contigs__length_125000	100.000	125000	0	0	1	125000	1	125000	0.0	2.308e+05
PGA_scaffold_32__1_contigs__length_125000	PGA_scaffold_10__2_contigs__length_5739182	99.961	15401	3	2	59015	74413	3701279	3685880	0.0	28404
PGA_scaffold_33__1_contigs__length_125000	PGA_scaffold_33__1_contigs__length_125000	100.000	125000	0	0	1	125000	1	125000	0.0	2.308e+05
PGA_scaffold_33__1_contigs__length_125000	PGA_scaffold_7__2_contigs__length_3386470	99.747	8697	20	2	20885	29580	1096567	1087872	0.0	15937
PGA_scaffold_34__1_contigs__length_1997981	PGA_scaffold_34__1_contigs__length_1997981	100.000	1997981	0	0	1	1997981	1	1997981	0.0	3.690e+06
PGA_scaffold_34__1_contigs__length_1997981	PGA_scaffold_2__4_contigs__length_7228418	99.979	29156	3	3	1959429	1988582	3377997	3348843	0.0	53805
PGA_scaffold_35__1_contigs__length_125000	PGA_scaffold_35__1_contigs__length_125000	100.000	125000	0	0	1	125000	1	125000	0.0	2.308e+05
PGA_scaffold_35__1_contigs__length_125000	PGA_scaffold_12__2_contigs__length_6281301	99.988	50900	2	2	36970	87869	423601	372706	0.0	93958
PGA_scaffold_36__1_contigs__length_125000	PGA_scaffold_36__1_contigs__length_125000	100.000	125000	0	0	1	125000	1	125000	0.0	2.308e+05
PGA_scaffold_36__1_contigs__length_125000	PGA_scaffold_58__1_contigs__length_186000	99.949	11657	2	2	1	11653	36102	24446	0.0	21490
PGA_scaffold_37__1_contigs__length_125000	PGA_scaffold_37__1_contigs__length_125000	100.000	69497	0	0	1	69497	1	69497	0.0	1.283e+05
PGA_scaffold_37__1_contigs__length_125000	PGA_scaffold_8__4_contigs__length_6842589	99.946	18433	8	2	1	18432	951697	970128	0.0	33983
PGA_scaffold_38__1_contigs__length_3893252	PGA_scaffold_38__1_contigs__length_3893252	100.000	3893252	0	0	1	3893252	1	3893252	0.0	7.189e+06
PGA_scaffold_38__1_contigs__length_3893252	PGA_scaffold_21__1_contigs__length_5673700	99.577	23413	71	21	3576525	3599923	1116652	1140050	0.0	42662
PGA_scaffold_39__1_contigs__length_30136	PGA_scaffold_39__1_contigs__length_30136	100.000	30136	0	0	1	30136	1	30136	0.0	55651
PGA_scaffold_39__1_contigs__length_30136	PGA_scaffold_21__1_contigs__length_5673700	97.642	3605	60	15	14881	18480	5656642	5660226	0.0	6163
PGA_scaffold_40__1_contigs__length_4206748	PGA_scaffold_40__1_contigs__length_4206748	100.000	4206748	0	0	1	4206748	1	4206748	0.0	7.768e+06
PGA_scaffold_40__1_contigs__length_4206748	PGA_scaffold_12__2_contigs__length_6281301	99.850	21993	14	10	2971559	2993549	2034717	2012742	0.0	40413
PGA_scaffold_41__1_contigs__length_125000	PGA_scaffold_41__1_contigs__length_125000	100.000	123800	0	0	1	123800	1	123800	0.0	2.286e+05
PGA_scaffold_41__1_contigs__length_125000	PGA_scaffold_58__1_contigs__length_186000	99.977	21628	4	1	62269	83896	150563	172189	0.0	39910
PGA_scaffold_42__1_contigs__length_125000	PGA_scaffold_42__1_contigs__length_125000	100.000	125000	0	0	1	125000	1	125000	0.0	2.308e+05
PGA_scaffold_42__1_contigs__length_125000	PGA_scaffold_2__4_contigs__length_7228418	99.617	16706	61	3	108297	125000	417843	401139	0.0	30492
PGA_scaffold_43__1_contigs__length_2011659	PGA_scaffold_43__1_contigs__length_2011659	100.000	1576027	0	0	435633	2011659	435633	2011659	0.0	2.910e+06
PGA_scaffold_43__1_contigs__length_2011659	PGA_scaffold_6__3_contigs__length_10369329	94.600	46294	2203	115	579389	625396	7018350	7064632	0.0	71364
PGA_scaffold_44__1_contigs__length_50000	PGA_scaffold_44__1_contigs__length_50000	100.000	50000	0	0	1	50000	1	50000	0.0	92333
PGA_scaffold_44__1_contigs__length_50000	PGA_scaffold_21__1_contigs__length_5673700	100.000	18901	0	0	24586	43486	2319290	2300390	0.0	34904
PGA_scaffold_45__1_contigs__length_3649086	PGA_scaffold_45__1_contigs__length_3649086	100.000	3649086	0	0	1	3649086	1	3649086	0.0	6.739e+06
PGA_scaffold_45__1_contigs__length_3649086	PGA_scaffold_16__2_contigs__length_3282068	99.172	57502	425	27	143043	200506	716169	658681	0.0	1.035e+05
PGA_scaffold_46__1_contigs__length_50000	PGA_scaffold_46__1_contigs__length_50000	100.000	50000	0	0	1	50000	1	50000	0.0	92333
PGA_scaffold_46__1_contigs__length_50000	PGA_scaffold_15__3_contigs__length_8277944	93.380	16691	764	179	12359	28887	1671349	1687860	0.0	24386
PGA_scaffold_47__1_contigs__length_214744	PGA_scaffold_47__1_contigs__length_214744	100.000	214744	0	0	1	214744	1	214744	0.0	3.966e+05
PGA_scaffold_47__1_contigs__length_214744	PGA_scaffold_4__4_contigs__length_12169591	100.000	14062	0	0	27853	41914	6661441	6647380	0.0	25968
PGA_scaffold_48__1_contigs__length_50000	PGA_scaffold_48__1_contigs__length_50000	100.000	40783	0	0	1	40783	1	40783	0.0	75313
PGA_scaffold_48__1_contigs__length_50000	PGA_scaffold_3__3_contigs__length_6143287	92.413	3888	185	59	22850	26702	4859069	4855257	0.0	5445
PGA_scaffold_49__1_contigs__length_50000	PGA_scaffold_49__1_contigs__length_50000	100.000	50000	0	0	1	50000	1	50000	0.0	92333
PGA_scaffold_49__1_contigs__length_50000	PGA_scaffold_2__4_contigs__length_7228418	99.920	21240	6	4	27614	48849	4141170	4119938	0.0	39118
PGA_scaffold_50__1_contigs__length_125000	PGA_scaffold_50__1_contigs__length_125000	100.000	125000	0	0	1	125000	1	125000	0.0	2.308e+05
PGA_scaffold_50__1_contigs__length_125000	PGA_scaffold_2__4_contigs__length_7228418	100.000	13489	0	0	111512	125000	3220061	3206573	0.0	24910
PGA_scaffold_51__1_contigs__length_50000	PGA_scaffold_51__1_contigs__length_50000	100.000	50000	0	0	1	50000	1	50000	0.0	92333
PGA_scaffold_51__1_contigs__length_50000	PGA_scaffold_2__4_contigs__length_7228418	99.988	8398	1	0	41603	50000	3275186	3266789	0.0	15503
PGA_scaffold_52__1_contigs__length_125000	PGA_scaffold_52__1_contigs__length_125000	100.000	125000	0	0	1	125000	1	125000	0.0	2.308e+05
PGA_scaffold_52__1_contigs__length_125000	PGA_scaffold_4__4_contigs__length_12169591	99.260	9598	66	3	1	9593	9378248	9368651	0.0	17326
PGA_scaffold_53__1_contigs__length_125000	PGA_scaffold_53__1_contigs__length_125000	100.000	125000	0	0	1	125000	1	125000	0.0	2.308e+05
PGA_scaffold_53__1_contigs__length_125000	PGA_scaffold_45__1_contigs__length_3649086	98.092	17870	179	83	11594	29416	1907265	1925019	0.0	30962
PGA_scaffold_54__1_contigs__length_125000	PGA_scaffold_54__1_contigs__length_125000	100.000	125000	0	0	1	125000	1	125000	0.0	2.308e+05
PGA_scaffold_54__1_contigs__length_125000	PGA_scaffold_16__2_contigs__length_3282068	97.367	15799	231	71	60233	75926	2863372	2879090	0.0	26699
PGA_scaffold_55__1_contigs__length_50833	PGA_scaffold_55__1_contigs__length_50833	100.000	50833	0	0	1	50833	1	50833	0.0	93871
PGA_scaffold_55__1_contigs__length_50833	PGA_scaffold_4__4_contigs__length_12169591	99.987	15586	1	1	35136	50720	12064429	12080014	0.0	28770
PGA_scaffold_56__1_contigs__length_201816	PGA_scaffold_56__1_contigs__length_201816	100.000	201816	0	0	1	201816	1	201816	0.0	3.727e+05
PGA_scaffold_56__1_contigs__length_201816	PGA_scaffold_3__3_contigs__length_6143287	100.000	9484	0	0	192333	201816	5025931	5016448	0.0	17514
PGA_scaffold_57__1_contigs__length_126370	PGA_scaffold_57__1_contigs__length_126370	100.000	126370	0	0	1	126370	1	126370	0.0	2.334e+05
PGA_scaffold_57__1_contigs__length_126370	PGA_scaffold_2__4_contigs__length_7228418	100.000	17335	0	0	1	17335	3219904	3202570	0.0	32012
PGA_scaffold_58__1_contigs__length_186000	PGA_scaffold_58__1_contigs__length_186000	100.000	186000	0	0	1	186000	1	186000	0.0	3.435e+05
PGA_scaffold_58__1_contigs__length_186000	PGA_scaffold_41__1_contigs__length_125000	99.977	21628	4	1	150563	172189	62269	83896	0.0	39910
PGA_scaffold_59__1_contigs__length_122441	PGA_scaffold_59__1_contigs__length_122441	100.000	122441	0	0	1	122441	1	122441	0.0	2.261e+05
PGA_scaffold_59__1_contigs__length_122441	PGA_scaffold_4__4_contigs__length_12169591	93.116	11985	507	167	81345	93165	3856816	3868646	0.0	17269
